<?xml version="1.0" encoding="UTF-8"?>
<!-- Generated by org.testng.reporters.JUnitReportReporter -->
<testsuite hostname="Shweta" failures="0" tests="3" name="com.qa.EcomPlay.tests.HomePageTest" time="3.046" errors="0" timestamp="2025-02-16T09:48:01 IST" skipped="0">
  <testcase classname="com.qa.EcomPlay.tests.HomePageTest" name="SearchTest" time="0.747"/>
  <testcase classname="com.qa.EcomPlay.tests.HomePageTest" name="SearchTest" time="1.575"/>
  <testcase classname="com.qa.EcomPlay.tests.HomePageTest" name="SearchTest" time="0.724"/>
</testsuite> <!-- com.qa.EcomPlay.tests.HomePageTest -->
