<?xml version="1.0" encoding="UTF-8"?>
<!-- Generated by org.testng.reporters.JUnitReportReporter -->
<testsuite hostname="Shweta" failures="0" tests="3" name="com.qa.EcomPlay.tests.LoginPageTest" time="13.627" errors="0" timestamp="2025-02-19T23:24:15 IST" skipped="0">
  <testcase classname="com.qa.EcomPlay.tests.LoginPageTest" name="loginPageNavigationTest" time="0.560"/>
  <testcase classname="com.qa.EcomPlay.tests.LoginPageTest" name="forgotPwdLinkExistTests" time="3.065"/>
  <testcase classname="com.qa.EcomPlay.tests.LoginPageTest" name="appLogin" time="10.002"/>
</testsuite> <!-- com.qa.EcomPlay.tests.LoginPageTest -->
