<?xml version="1.0" encoding="UTF-8"?>
<!-- Generated by org.testng.reporters.JUnitReportReporter -->
<testsuite hostname="Shweta" failures="0" tests="3" name="com.qa.EcomPlay.tests.LoginPageTest" time="13.551" errors="0" timestamp="2025-02-15T23:48:23 IST" skipped="0">
  <testcase classname="com.qa.EcomPlay.tests.LoginPageTest" name="loginPageNavigationTest" time="0.560"/>
  <testcase classname="com.qa.EcomPlay.tests.LoginPageTest" name="forgotPwdLinkExistTests" time="3.032"/>
  <testcase classname="com.qa.EcomPlay.tests.LoginPageTest" name="appLogin" time="9.959"/>
</testsuite> <!-- com.qa.EcomPlay.tests.LoginPageTest -->
