<?xml version="1.0" encoding="UTF-8"?>
<!-- Generated by org.testng.reporters.JUnitReportReporter -->
<testsuite hostname="Shweta" failures="0" tests="5" name="com.qa.EcomPlay.tests.HomePageTest" time="3.743" errors="0" timestamp="2025-02-19T23:24:15 IST" skipped="0">
  <testcase classname="com.qa.EcomPlay.tests.HomePageTest" name="SearchTest" time="0.812"/>
  <testcase classname="com.qa.EcomPlay.tests.HomePageTest" name="SearchTest" time="2.263"/>
  <testcase classname="com.qa.EcomPlay.tests.HomePageTest" name="HomePageTitleTest" time="0.019"/>
  <testcase classname="com.qa.EcomPlay.tests.HomePageTest" name="SearchTest" time="0.647"/>
  <testcase classname="com.qa.EcomPlay.tests.HomePageTest" name="HomePageURLTest" time="0.002"/>
</testsuite> <!-- com.qa.EcomPlay.tests.HomePageTest -->
