<?xml version="1.0" encoding="UTF-8"?>
<!-- Generated by org.testng.reporters.JUnitReportReporter -->
<testsuite hostname="Shweta" failures="0" tests="5" name="com.qa.EcomPlay.tests.HomePageTest" time="3.895" errors="0" timestamp="2025-02-20T00:02:00 IST" skipped="0">
  <testcase classname="com.qa.EcomPlay.tests.HomePageTest" name="SearchTest" time="0.610"/>
  <testcase classname="com.qa.EcomPlay.tests.HomePageTest" name="HomePageTitleTest" time="0.219"/>
  <testcase classname="com.qa.EcomPlay.tests.HomePageTest" name="HomePageURLTest" time="0.002"/>
  <testcase classname="com.qa.EcomPlay.tests.HomePageTest" name="SearchTest" time="0.898"/>
  <testcase classname="com.qa.EcomPlay.tests.HomePageTest" name="SearchTest" time="2.166"/>
</testsuite> <!-- com.qa.EcomPlay.tests.HomePageTest -->
